#
# There is insufficient memory for the Java Runtime Environment to continue.
# Native memory allocation (malloc) failed to allocate 360976 bytes for Chunk::new
# Possible reasons:
#   The system is out of physical RAM or swap space
#   The process is running with CompressedOops enabled, and the Java Heap may be blocking the growth of the native heap
# Possible solutions:
#   Reduce memory load on the system
#   Increase physical memory or swap space
#   Check if swap backing store is full
#   Decrease Java heap size (-Xmx/-Xms)
#   Decrease number of Java threads
#   Decrease Java thread stack sizes (-Xss)
#   Set larger code cache with -XX:ReservedCodeCacheSize=
#   JVM is running with Unscaled Compressed Oops mode in which the Java heap is
#     placed in the first 4GB address space. The Java Heap base address is the
#     maximum limit for the native heap growth. Please use -XX:HeapBaseMinAddress
#     to set the Java Heap base and to place the Java Heap above 4GB virtual address.
# This output file may be truncated or incomplete.
#
#  Out of Memory Error (./open/src/hotspot/share/memory/arena.cpp:197), pid=9992, tid=9012
#
# JRE version: Java(TM) SE Runtime Environment 18.9 (11.0.10+8) (build 11.0.10+8-LTS-162)
# Java VM: Java HotSpot(TM) 64-Bit Server VM 18.9 (11.0.10+8-LTS-162, mixed mode, tiered, compressed oops, g1 gc, windows-amd64)
# No core dump will be written. Minidumps are not enabled by default on client versions of Windows
#

---------------  S U M M A R Y ------------

Command Line: -ea -Dfile.encoding=Cp1252 org.eclipse.jdt.internal.junit.runner.RemoteTestRunner -version 3 -port 58895 -testLoaderClass org.eclipse.jdt.internal.junit4.runner.JUnit4TestLoader -loaderpluginname org.eclipse.jdt.junit4.runtime -classNames com.qualitystream.tutorial.MercuryTours_AutomatedTest

Host: Intel(R) Core(TM) i7-4700MQ CPU @ 2.40GHz, 8 cores, 7G,  Windows 10 , 64 bit Build 18362 (10.0.18362.1350)
Time: Sat Apr 10 17:45:24 2021 Hora est. Pacífico, Sudamérica elapsed time: 5.250295 seconds (0d 0h 0m 5s)

---------------  T H R E A D  ---------------

Current thread (0x0000020eb90d1800):  JavaThread "C2 CompilerThread0" daemon [_thread_in_native, id=9012, stack(0x0000006d7cd00000,0x0000006d7ce00000)]


Current CompileTask:
C2:   5250 1465       4       java.io.DataInputStream::readUTF (501 bytes)

Stack: [0x0000006d7cd00000,0x0000006d7ce00000]
Native frames: (J=compiled Java code, j=interpreted, Vv=VM code, C=native code)
V  [jvm.dll+0x613e6a]
V  [jvm.dll+0x74c1ff]
V  [jvm.dll+0x74d885]
V  [jvm.dll+0x74df03]
V  [jvm.dll+0x243b78]
V  [jvm.dll+0xba2cc]
V  [jvm.dll+0xba9cc]
V  [jvm.dll+0x3469c7]
V  [jvm.dll+0x3147d3]
V  [jvm.dll+0x313b1a]
V  [jvm.dll+0x1fd395]
V  [jvm.dll+0x1fc54f]
V  [jvm.dll+0x17f09c]
V  [jvm.dll+0x20bbd4]
V  [jvm.dll+0x209cab]
V  [jvm.dll+0x713619]
V  [jvm.dll+0x70c314]
V  [jvm.dll+0x613036]
C  [ucrtbase.dll+0x210b2]
C  [KERNEL32.DLL+0x17c24]
C  [ntdll.dll+0x6d721]


---------------  P R O C E S S  ---------------

Threads class SMR info:
_java_thread_list=0x0000020eba5e1630, length=17, elements={
0x0000020e9a31c800, 0x0000020eb90b8000, 0x0000020eb90c2000, 0x0000020eb90cf800,
0x0000020eb90d0800, 0x0000020eb90d1800, 0x0000020eb90d7800, 0x0000020eb90d9800,
0x0000020eb9bbc000, 0x0000020eb9bb2800, 0x0000020eb9cef800, 0x0000020eba457000,
0x0000020eba519000, 0x0000020eba51e000, 0x0000020eba517000, 0x0000020ebaf48800,
0x0000020ebafbc800
}

Java Threads: ( => current thread )
  0x0000020e9a31c800 JavaThread "Forwarding get on session 32811d2062d1df19de5838bcd2186542 to remote" [_thread_in_native, id=11952, stack(0x0000006d7c200000,0x0000006d7c300000)]
  0x0000020eb90b8000 JavaThread "Reference Handler" daemon [_thread_blocked, id=9792, stack(0x0000006d7c900000,0x0000006d7ca00000)]
  0x0000020eb90c2000 JavaThread "Finalizer" daemon [_thread_blocked, id=4600, stack(0x0000006d7ca00000,0x0000006d7cb00000)]
  0x0000020eb90cf800 JavaThread "Signal Dispatcher" daemon [_thread_blocked, id=15348, stack(0x0000006d7cb00000,0x0000006d7cc00000)]
  0x0000020eb90d0800 JavaThread "Attach Listener" daemon [_thread_blocked, id=8336, stack(0x0000006d7cc00000,0x0000006d7cd00000)]
=>0x0000020eb90d1800 JavaThread "C2 CompilerThread0" daemon [_thread_in_native, id=9012, stack(0x0000006d7cd00000,0x0000006d7ce00000)]
  0x0000020eb90d7800 JavaThread "C1 CompilerThread0" daemon [_thread_blocked, id=13596, stack(0x0000006d7ce00000,0x0000006d7cf00000)]
  0x0000020eb90d9800 JavaThread "Sweeper thread" daemon [_thread_blocked, id=8696, stack(0x0000006d7cf00000,0x0000006d7d000000)]
  0x0000020eb9bbc000 JavaThread "Service Thread" daemon [_thread_blocked, id=8172, stack(0x0000006d7d000000,0x0000006d7d100000)]
  0x0000020eb9bb2800 JavaThread "Common-Cleaner" daemon [_thread_blocked, id=13712, stack(0x0000006d7d200000,0x0000006d7d300000)]
  0x0000020eb9cef800 JavaThread "ReaderThread" [_thread_in_native, id=3148, stack(0x0000006d7d300000,0x0000006d7d400000)]
  0x0000020eba457000 JavaThread "Exec Default Executor" daemon [_thread_in_native, id=14688, stack(0x0000006d7d500000,0x0000006d7d600000)]
  0x0000020eba519000 JavaThread "UrlChecker-2" daemon [_thread_blocked, id=10280, stack(0x0000006d7d600000,0x0000006d7d700000)]
  0x0000020eba51e000 JavaThread "Exec Stream Pumper" daemon [_thread_in_native, id=10416, stack(0x0000006d7d800000,0x0000006d7d900000)]
  0x0000020eba517000 JavaThread "Exec Stream Pumper" daemon [_thread_in_native, id=9272, stack(0x0000006d7d900000,0x0000006d7da00000)]
  0x0000020ebaf48800 JavaThread "OkHttp ConnectionPool" daemon [_thread_blocked, id=12548, stack(0x0000006d7de00000,0x0000006d7df00000)]
  0x0000020ebafbc800 JavaThread "Okio Watchdog" daemon [_thread_blocked, id=12072, stack(0x0000006d7df00000,0x0000006d7e000000)]

Other Threads:
  0x0000020eb9093800 VMThread "VM Thread" [stack: 0x0000006d7c800000,0x0000006d7c900000] [id=16304]
  0x0000020eb9bae800 WatcherThread [stack: 0x0000006d7d100000,0x0000006d7d200000] [id=15092]
  0x0000020e9a331800 GCTaskThread "GC Thread#0" [stack: 0x0000006d7c300000,0x0000006d7c400000] [id=14992]
  0x0000020eba555800 GCTaskThread "GC Thread#1" [stack: 0x0000006d7da00000,0x0000006d7db00000] [id=12208]
  0x0000020ebaf5c000 GCTaskThread "GC Thread#2" [stack: 0x0000006d7db00000,0x0000006d7dc00000] [id=14164]
  0x0000020eba531800 GCTaskThread "GC Thread#3" [stack: 0x0000006d7dc00000,0x0000006d7dd00000] [id=7460]
  0x0000020e9a365000 ConcurrentGCThread "G1 Main Marker" [stack: 0x0000006d7c400000,0x0000006d7c500000] [id=2196]
  0x0000020e9a366000 ConcurrentGCThread "G1 Conc#0" [stack: 0x0000006d7c500000,0x0000006d7c600000] [id=8264]
  0x0000020eb8f00800 ConcurrentGCThread "G1 Refine#0" [stack: 0x0000006d7c600000,0x0000006d7c700000] [id=12136]
  0x0000020eb8f02800 ConcurrentGCThread "G1 Young RemSet Sampling" [stack: 0x0000006d7c700000,0x0000006d7c800000] [id=7384]

Threads with active compile tasks:
C2 CompilerThread0   7895 1465       4       java.io.DataInputStream::readUTF (501 bytes)

VM state:not at safepoint (normal execution)

VM Mutex/Monitor currently owned by a thread: None

Heap address: 0x0000000081000000, size: 2032 MB, Compressed Oops mode: 32-bit
Narrow klass base: 0x0000000000000000, Narrow klass shift: 3
Compressed class space size: 1073741824 Address: 0x0000000100000000

Heap:
 garbage-first heap   total 131072K, used 16509K [0x0000000081000000, 0x0000000100000000)
  region size 1024K, 16 young (16384K), 3 survivors (3072K)
 Metaspace       used 18937K, capacity 19423K, committed 19456K, reserved 1067008K
  class space    used 2072K, capacity 2275K, committed 2304K, reserved 1048576K
Heap Regions: E=young(eden), S=young(survivor), O=old, HS=humongous(starts), HC=humongous(continues), CS=collection set, F=free, A=archive, TAMS=top-at-mark-start (previous, next)
|   0|0x0000000081000000, 0x0000000081100000, 0x0000000081100000|100%| O|  |TAMS 0x0000000081000000, 0x0000000081000000| Untracked 
|   1|0x0000000081100000, 0x000000008111f400, 0x0000000081200000| 12%| O|  |TAMS 0x0000000081100000, 0x0000000081100000| Untracked 
|   2|0x0000000081200000, 0x0000000081200000, 0x0000000081300000|  0%| F|  |TAMS 0x0000000081200000, 0x0000000081200000| Untracked 
|   3|0x0000000081300000, 0x0000000081300000, 0x0000000081400000|  0%| F|  |TAMS 0x0000000081300000, 0x0000000081300000| Untracked 
|   4|0x0000000081400000, 0x0000000081400000, 0x0000000081500000|  0%| F|  |TAMS 0x0000000081400000, 0x0000000081400000| Untracked 
|   5|0x0000000081500000, 0x0000000081500000, 0x0000000081600000|  0%| F|  |TAMS 0x0000000081500000, 0x0000000081500000| Untracked 
|   6|0x0000000081600000, 0x0000000081600000, 0x0000000081700000|  0%| F|  |TAMS 0x0000000081600000, 0x0000000081600000| Untracked 
|   7|0x0000000081700000, 0x0000000081700000, 0x0000000081800000|  0%| F|  |TAMS 0x0000000081700000, 0x0000000081700000| Untracked 
|   8|0x0000000081800000, 0x0000000081800000, 0x0000000081900000|  0%| F|  |TAMS 0x0000000081800000, 0x0000000081800000| Untracked 
|   9|0x0000000081900000, 0x0000000081900000, 0x0000000081a00000|  0%| F|  |TAMS 0x0000000081900000, 0x0000000081900000| Untracked 
|  10|0x0000000081a00000, 0x0000000081a00000, 0x0000000081b00000|  0%| F|  |TAMS 0x0000000081a00000, 0x0000000081a00000| Untracked 
|  11|0x0000000081b00000, 0x0000000081b00000, 0x0000000081c00000|  0%| F|  |TAMS 0x0000000081b00000, 0x0000000081b00000| Untracked 
|  12|0x0000000081c00000, 0x0000000081c00000, 0x0000000081d00000|  0%| F|  |TAMS 0x0000000081c00000, 0x0000000081c00000| Untracked 
|  13|0x0000000081d00000, 0x0000000081d00000, 0x0000000081e00000|  0%| F|  |TAMS 0x0000000081d00000, 0x0000000081d00000| Untracked 
|  14|0x0000000081e00000, 0x0000000081e00000, 0x0000000081f00000|  0%| F|  |TAMS 0x0000000081e00000, 0x0000000081e00000| Untracked 
|  15|0x0000000081f00000, 0x0000000081f00000, 0x0000000082000000|  0%| F|  |TAMS 0x0000000081f00000, 0x0000000081f00000| Untracked 
|  16|0x0000000082000000, 0x0000000082000000, 0x0000000082100000|  0%| F|  |TAMS 0x0000000082000000, 0x0000000082000000| Untracked 
|  17|0x0000000082100000, 0x0000000082100000, 0x0000000082200000|  0%| F|  |TAMS 0x0000000082100000, 0x0000000082100000| Untracked 
|  18|0x0000000082200000, 0x0000000082200000, 0x0000000082300000|  0%| F|  |TAMS 0x0000000082200000, 0x0000000082200000| Untracked 
|  19|0x0000000082300000, 0x0000000082300000, 0x0000000082400000|  0%| F|  |TAMS 0x0000000082300000, 0x0000000082300000| Untracked 
|  20|0x0000000082400000, 0x0000000082400000, 0x0000000082500000|  0%| F|  |TAMS 0x0000000082400000, 0x0000000082400000| Untracked 
|  21|0x0000000082500000, 0x0000000082500000, 0x0000000082600000|  0%| F|  |TAMS 0x0000000082500000, 0x0000000082500000| Untracked 
|  22|0x0000000082600000, 0x0000000082600000, 0x0000000082700000|  0%| F|  |TAMS 0x0000000082600000, 0x0000000082600000| Untracked 
|  23|0x0000000082700000, 0x0000000082700000, 0x0000000082800000|  0%| F|  |TAMS 0x0000000082700000, 0x0000000082700000| Untracked 
|  24|0x0000000082800000, 0x0000000082800000, 0x0000000082900000|  0%| F|  |TAMS 0x0000000082800000, 0x0000000082800000| Untracked 
|  25|0x0000000082900000, 0x0000000082900000, 0x0000000082a00000|  0%| F|  |TAMS 0x0000000082900000, 0x0000000082900000| Untracked 
|  26|0x0000000082a00000, 0x0000000082a00000, 0x0000000082b00000|  0%| F|  |TAMS 0x0000000082a00000, 0x0000000082a00000| Untracked 
|  27|0x0000000082b00000, 0x0000000082b00000, 0x0000000082c00000|  0%| F|  |TAMS 0x0000000082b00000, 0x0000000082b00000| Untracked 
|  28|0x0000000082c00000, 0x0000000082c00000, 0x0000000082d00000|  0%| F|  |TAMS 0x0000000082c00000, 0x0000000082c00000| Untracked 
|  29|0x0000000082d00000, 0x0000000082d00000, 0x0000000082e00000|  0%| F|  |TAMS 0x0000000082d00000, 0x0000000082d00000| Untracked 
|  30|0x0000000082e00000, 0x0000000082e00000, 0x0000000082f00000|  0%| F|  |TAMS 0x0000000082e00000, 0x0000000082e00000| Untracked 
|  31|0x0000000082f00000, 0x0000000082f00000, 0x0000000083000000|  0%| F|  |TAMS 0x0000000082f00000, 0x0000000082f00000| Untracked 
|  32|0x0000000083000000, 0x0000000083000000, 0x0000000083100000|  0%| F|  |TAMS 0x0000000083000000, 0x0000000083000000| Untracked 
|  33|0x0000000083100000, 0x0000000083100000, 0x0000000083200000|  0%| F|  |TAMS 0x0000000083100000, 0x0000000083100000| Untracked 
|  34|0x0000000083200000, 0x0000000083200000, 0x0000000083300000|  0%| F|  |TAMS 0x0000000083200000, 0x0000000083200000| Untracked 
|  35|0x0000000083300000, 0x0000000083300000, 0x0000000083400000|  0%| F|  |TAMS 0x0000000083300000, 0x0000000083300000| Untracked 
|  36|0x0000000083400000, 0x0000000083400000, 0x0000000083500000|  0%| F|  |TAMS 0x0000000083400000, 0x0000000083400000| Untracked 
|  37|0x0000000083500000, 0x0000000083500000, 0x0000000083600000|  0%| F|  |TAMS 0x0000000083500000, 0x0000000083500000| Untracked 
|  38|0x0000000083600000, 0x0000000083600000, 0x0000000083700000|  0%| F|  |TAMS 0x0000000083600000, 0x0000000083600000| Untracked 
|  39|0x0000000083700000, 0x0000000083700000, 0x0000000083800000|  0%| F|  |TAMS 0x0000000083700000, 0x0000000083700000| Untracked 
|  40|0x0000000083800000, 0x0000000083800000, 0x0000000083900000|  0%| F|  |TAMS 0x0000000083800000, 0x0000000083800000| Untracked 
|  41|0x0000000083900000, 0x0000000083900000, 0x0000000083a00000|  0%| F|  |TAMS 0x0000000083900000, 0x0000000083900000| Untracked 
|  42|0x0000000083a00000, 0x0000000083a00000, 0x0000000083b00000|  0%| F|  |TAMS 0x0000000083a00000, 0x0000000083a00000| Untracked 
|  43|0x0000000083b00000, 0x0000000083b00000, 0x0000000083c00000|  0%| F|  |TAMS 0x0000000083b00000, 0x0000000083b00000| Untracked 
|  44|0x0000000083c00000, 0x0000000083c00000, 0x0000000083d00000|  0%| F|  |TAMS 0x0000000083c00000, 0x0000000083c00000| Untracked 
|  45|0x0000000083d00000, 0x0000000083d00000, 0x0000000083e00000|  0%| F|  |TAMS 0x0000000083d00000, 0x0000000083d00000| Untracked 
|  46|0x0000000083e00000, 0x0000000083e00000, 0x0000000083f00000|  0%| F|  |TAMS 0x0000000083e00000, 0x0000000083e00000| Untracked 
|  47|0x0000000083f00000, 0x0000000083f00000, 0x0000000084000000|  0%| F|  |TAMS 0x0000000083f00000, 0x0000000083f00000| Untracked 
|  48|0x0000000084000000, 0x0000000084000000, 0x0000000084100000|  0%| F|  |TAMS 0x0000000084000000, 0x0000000084000000| Untracked 
|  49|0x0000000084100000, 0x0000000084100000, 0x0000000084200000|  0%| F|  |TAMS 0x0000000084100000, 0x0000000084100000| Untracked 
|  50|0x0000000084200000, 0x0000000084200000, 0x0000000084300000|  0%| F|  |TAMS 0x0000000084200000, 0x0000000084200000| Untracked 
|  51|0x0000000084300000, 0x0000000084300000, 0x0000000084400000|  0%| F|  |TAMS 0x0000000084300000, 0x0000000084300000| Untracked 
|  52|0x0000000084400000, 0x0000000084400000, 0x0000000084500000|  0%| F|  |TAMS 0x0000000084400000, 0x0000000084400000| Untracked 
|  53|0x0000000084500000, 0x0000000084500000, 0x0000000084600000|  0%| F|  |TAMS 0x0000000084500000, 0x0000000084500000| Untracked 
|  54|0x0000000084600000, 0x0000000084600000, 0x0000000084700000|  0%| F|  |TAMS 0x0000000084600000, 0x0000000084600000| Untracked 
|  55|0x0000000084700000, 0x0000000084700000, 0x0000000084800000|  0%| F|  |TAMS 0x0000000084700000, 0x0000000084700000| Untracked 
|  56|0x0000000084800000, 0x0000000084800000, 0x0000000084900000|  0%| F|  |TAMS 0x0000000084800000, 0x0000000084800000| Untracked 
|  57|0x0000000084900000, 0x0000000084900000, 0x0000000084a00000|  0%| F|  |TAMS 0x0000000084900000, 0x0000000084900000| Untracked 
|  58|0x0000000084a00000, 0x0000000084a00000, 0x0000000084b00000|  0%| F|  |TAMS 0x0000000084a00000, 0x0000000084a00000| Untracked 
|  59|0x0000000084b00000, 0x0000000084b00000, 0x0000000084c00000|  0%| F|  |TAMS 0x0000000084b00000, 0x0000000084b00000| Untracked 
|  60|0x0000000084c00000, 0x0000000084c00000, 0x0000000084d00000|  0%| F|  |TAMS 0x0000000084c00000, 0x0000000084c00000| Untracked 
|  61|0x0000000084d00000, 0x0000000084d00000, 0x0000000084e00000|  0%| F|  |TAMS 0x0000000084d00000, 0x0000000084d00000| Untracked 
|  62|0x0000000084e00000, 0x0000000084e00000, 0x0000000084f00000|  0%| F|  |TAMS 0x0000000084e00000, 0x0000000084e00000| Untracked 
|  63|0x0000000084f00000, 0x0000000084f00000, 0x0000000085000000|  0%| F|  |TAMS 0x0000000084f00000, 0x0000000084f00000| Untracked 
|  64|0x0000000085000000, 0x0000000085000000, 0x0000000085100000|  0%| F|  |TAMS 0x0000000085000000, 0x0000000085000000| Untracked 
|  65|0x0000000085100000, 0x0000000085100000, 0x0000000085200000|  0%| F|  |TAMS 0x0000000085100000, 0x0000000085100000| Untracked 
|  66|0x0000000085200000, 0x0000000085200000, 0x0000000085300000|  0%| F|  |TAMS 0x0000000085200000, 0x0000000085200000| Untracked 
|  67|0x0000000085300000, 0x0000000085300000, 0x0000000085400000|  0%| F|  |TAMS 0x0000000085300000, 0x0000000085300000| Untracked 
|  68|0x0000000085400000, 0x0000000085400000, 0x0000000085500000|  0%| F|  |TAMS 0x0000000085400000, 0x0000000085400000| Untracked 
|  69|0x0000000085500000, 0x0000000085500000, 0x0000000085600000|  0%| F|  |TAMS 0x0000000085500000, 0x0000000085500000| Untracked 
|  70|0x0000000085600000, 0x0000000085600000, 0x0000000085700000|  0%| F|  |TAMS 0x0000000085600000, 0x0000000085600000| Untracked 
|  71|0x0000000085700000, 0x0000000085700000, 0x0000000085800000|  0%| F|  |TAMS 0x0000000085700000, 0x0000000085700000| Untracked 
|  72|0x0000000085800000, 0x0000000085800000, 0x0000000085900000|  0%| F|  |TAMS 0x0000000085800000, 0x0000000085800000| Untracked 
|  73|0x0000000085900000, 0x0000000085900000, 0x0000000085a00000|  0%| F|  |TAMS 0x0000000085900000, 0x0000000085900000| Untracked 
|  74|0x0000000085a00000, 0x0000000085a00000, 0x0000000085b00000|  0%| F|  |TAMS 0x0000000085a00000, 0x0000000085a00000| Untracked 
|  75|0x0000000085b00000, 0x0000000085b00000, 0x0000000085c00000|  0%| F|  |TAMS 0x0000000085b00000, 0x0000000085b00000| Untracked 
|  76|0x0000000085c00000, 0x0000000085c00000, 0x0000000085d00000|  0%| F|  |TAMS 0x0000000085c00000, 0x0000000085c00000| Untracked 
|  77|0x0000000085d00000, 0x0000000085d00000, 0x0000000085e00000|  0%| F|  |TAMS 0x0000000085d00000, 0x0000000085d00000| Untracked 
|  78|0x0000000085e00000, 0x0000000085e00000, 0x0000000085f00000|  0%| F|  |TAMS 0x0000000085e00000, 0x0000000085e00000| Untracked 
|  79|0x0000000085f00000, 0x0000000085f00000, 0x0000000086000000|  0%| F|  |TAMS 0x0000000085f00000, 0x0000000085f00000| Untracked 
|  80|0x0000000086000000, 0x0000000086000000, 0x0000000086100000|  0%| F|  |TAMS 0x0000000086000000, 0x0000000086000000| Untracked 
|  81|0x0000000086100000, 0x0000000086100000, 0x0000000086200000|  0%| F|  |TAMS 0x0000000086100000, 0x0000000086100000| Untracked 
|  82|0x0000000086200000, 0x0000000086200000, 0x0000000086300000|  0%| F|  |TAMS 0x0000000086200000, 0x0000000086200000| Untracked 
|  83|0x0000000086300000, 0x0000000086300000, 0x0000000086400000|  0%| F|  |TAMS 0x0000000086300000, 0x0000000086300000| Untracked 
|  84|0x0000000086400000, 0x0000000086400000, 0x0000000086500000|  0%| F|  |TAMS 0x0000000086400000, 0x0000000086400000| Untracked 
|  85|0x0000000086500000, 0x0000000086500000, 0x0000000086600000|  0%| F|  |TAMS 0x0000000086500000, 0x0000000086500000| Untracked 
|  86|0x0000000086600000, 0x0000000086600000, 0x0000000086700000|  0%| F|  |TAMS 0x0000000086600000, 0x0000000086600000| Untracked 
|  87|0x0000000086700000, 0x0000000086700000, 0x0000000086800000|  0%| F|  |TAMS 0x0000000086700000, 0x0000000086700000| Untracked 
|  88|0x0000000086800000, 0x0000000086800000, 0x0000000086900000|  0%| F|  |TAMS 0x0000000086800000, 0x0000000086800000| Untracked 
|  89|0x0000000086900000, 0x0000000086900000, 0x0000000086a00000|  0%| F|  |TAMS 0x0000000086900000, 0x0000000086900000| Untracked 
|  90|0x0000000086a00000, 0x0000000086a00000, 0x0000000086b00000|  0%| F|  |TAMS 0x0000000086a00000, 0x0000000086a00000| Untracked 
|  91|0x0000000086b00000, 0x0000000086b00000, 0x0000000086c00000|  0%| F|  |TAMS 0x0000000086b00000, 0x0000000086b00000| Untracked 
|  92|0x0000000086c00000, 0x0000000086c00000, 0x0000000086d00000|  0%| F|  |TAMS 0x0000000086c00000, 0x0000000086c00000| Untracked 
|  93|0x0000000086d00000, 0x0000000086d00000, 0x0000000086e00000|  0%| F|  |TAMS 0x0000000086d00000, 0x0000000086d00000| Untracked 
|  94|0x0000000086e00000, 0x0000000086e00000, 0x0000000086f00000|  0%| F|  |TAMS 0x0000000086e00000, 0x0000000086e00000| Untracked 
|  95|0x0000000086f00000, 0x0000000086f00000, 0x0000000087000000|  0%| F|  |TAMS 0x0000000086f00000, 0x0000000086f00000| Untracked 
|  96|0x0000000087000000, 0x0000000087000000, 0x0000000087100000|  0%| F|  |TAMS 0x0000000087000000, 0x0000000087000000| Untracked 
|  97|0x0000000087100000, 0x0000000087100000, 0x0000000087200000|  0%| F|  |TAMS 0x0000000087100000, 0x0000000087100000| Untracked 
|  98|0x0000000087200000, 0x0000000087200000, 0x0000000087300000|  0%| F|  |TAMS 0x0000000087200000, 0x0000000087200000| Untracked 
|  99|0x0000000087300000, 0x0000000087300000, 0x0000000087400000|  0%| F|  |TAMS 0x0000000087300000, 0x0000000087300000| Untracked 
| 100|0x0000000087400000, 0x0000000087400000, 0x0000000087500000|  0%| F|  |TAMS 0x0000000087400000, 0x0000000087400000| Untracked 
| 101|0x0000000087500000, 0x0000000087600000, 0x0000000087600000|100%| S|CS|TAMS 0x0000000087500000, 0x0000000087500000| Complete 
| 102|0x0000000087600000, 0x0000000087700000, 0x0000000087700000|100%| S|CS|TAMS 0x0000000087600000, 0x0000000087600000| Complete 
| 103|0x0000000087700000, 0x0000000087800000, 0x0000000087800000|100%| S|CS|TAMS 0x0000000087700000, 0x0000000087700000| Complete 
| 104|0x0000000087800000, 0x0000000087800000, 0x0000000087900000|  0%| F|  |TAMS 0x0000000087800000, 0x0000000087800000| Untracked 
| 105|0x0000000087900000, 0x0000000087900000, 0x0000000087a00000|  0%| F|  |TAMS 0x0000000087900000, 0x0000000087900000| Untracked 
| 106|0x0000000087a00000, 0x0000000087a00000, 0x0000000087b00000|  0%| F|  |TAMS 0x0000000087a00000, 0x0000000087a00000| Untracked 
| 107|0x0000000087b00000, 0x0000000087b00000, 0x0000000087c00000|  0%| F|  |TAMS 0x0000000087b00000, 0x0000000087b00000| Untracked 
| 108|0x0000000087c00000, 0x0000000087c00000, 0x0000000087d00000|  0%| F|  |TAMS 0x0000000087c00000, 0x0000000087c00000| Untracked 
| 109|0x0000000087d00000, 0x0000000087d00000, 0x0000000087e00000|  0%| F|  |TAMS 0x0000000087d00000, 0x0000000087d00000| Untracked 
| 110|0x0000000087e00000, 0x0000000087e00000, 0x0000000087f00000|  0%| F|  |TAMS 0x0000000087e00000, 0x0000000087e00000| Untracked 
| 111|0x0000000087f00000, 0x0000000087f00000, 0x0000000088000000|  0%| F|  |TAMS 0x0000000087f00000, 0x0000000087f00000| Untracked 
| 112|0x0000000088000000, 0x0000000088000000, 0x0000000088100000|  0%| F|  |TAMS 0x0000000088000000, 0x0000000088000000| Untracked 
| 113|0x0000000088100000, 0x0000000088100000, 0x0000000088200000|  0%| F|  |TAMS 0x0000000088100000, 0x0000000088100000| Untracked 
| 114|0x0000000088200000, 0x0000000088200000, 0x0000000088300000|  0%| F|  |TAMS 0x0000000088200000, 0x0000000088200000| Untracked 
| 115|0x0000000088300000, 0x0000000088300800, 0x0000000088400000|  0%| E|  |TAMS 0x0000000088300000, 0x0000000088300000| Complete 
| 116|0x0000000088400000, 0x0000000088500000, 0x0000000088500000|100%| E|CS|TAMS 0x0000000088400000, 0x0000000088400000| Complete 
| 117|0x0000000088500000, 0x0000000088600000, 0x0000000088600000|100%| E|CS|TAMS 0x0000000088500000, 0x0000000088500000| Complete 
| 118|0x0000000088600000, 0x0000000088700000, 0x0000000088700000|100%| E|CS|TAMS 0x0000000088600000, 0x0000000088600000| Complete 
| 119|0x0000000088700000, 0x0000000088800000, 0x0000000088800000|100%| E|CS|TAMS 0x0000000088700000, 0x0000000088700000| Complete 
| 120|0x0000000088800000, 0x0000000088900000, 0x0000000088900000|100%| E|CS|TAMS 0x0000000088800000, 0x0000000088800000| Complete 
| 121|0x0000000088900000, 0x0000000088a00000, 0x0000000088a00000|100%| E|CS|TAMS 0x0000000088900000, 0x0000000088900000| Complete 
| 122|0x0000000088a00000, 0x0000000088b00000, 0x0000000088b00000|100%| E|CS|TAMS 0x0000000088a00000, 0x0000000088a00000| Complete 
| 123|0x0000000088b00000, 0x0000000088c00000, 0x0000000088c00000|100%| E|CS|TAMS 0x0000000088b00000, 0x0000000088b00000| Complete 
| 124|0x0000000088c00000, 0x0000000088d00000, 0x0000000088d00000|100%| E|CS|TAMS 0x0000000088c00000, 0x0000000088c00000| Complete 
| 125|0x0000000088d00000, 0x0000000088e00000, 0x0000000088e00000|100%| E|CS|TAMS 0x0000000088d00000, 0x0000000088d00000| Complete 
| 126|0x0000000088e00000, 0x0000000088f00000, 0x0000000088f00000|100%| E|CS|TAMS 0x0000000088e00000, 0x0000000088e00000| Complete 
| 127|0x0000000088f00000, 0x0000000089000000, 0x0000000089000000|100%| E|CS|TAMS 0x0000000088f00000, 0x0000000088f00000| Complete 

Card table byte_map: [0x0000020eb1ee0000,0x0000020eb22e0000] _byte_map_base: 0x0000020eb1ad8000

Marking Bits (Prev, Next): (CMBitMap*) 0x0000020e9a35bff8, (CMBitMap*) 0x0000020e9a35c030
 Prev Bits: [0x0000020eb26e0000, 0x0000020eb46a0000)
 Next Bits: [0x0000020eb46a0000, 0x0000020eb6660000)

Polling page: 0x0000020e980f0000

Metaspace:

Usage:
  Non-class:     16.75 MB capacity,    16.47 MB ( 98%) used,   233.52 KB (  1%) free+waste,    49.31 KB ( <1%) overhead. 
      Class:      2.22 MB capacity,     2.02 MB ( 91%) used,   177.95 KB (  8%) free+waste,    24.50 KB (  1%) overhead. 
       Both:     18.97 MB capacity,    18.49 MB ( 98%) used,   411.46 KB (  2%) free+waste,    73.81 KB ( <1%) overhead. 

Virtual space:
  Non-class space:       18.00 MB reserved,      16.75 MB ( 93%) committed 
      Class space:        1.00 GB reserved,       2.25 MB ( <1%) committed 
             Both:        1.02 GB reserved,      19.00 MB (  2%) committed 

Chunk freelists:
   Non-Class:  512 bytes
       Class:  3.63 KB
        Both:  4.13 KB

CodeHeap 'non-profiled nmethods': size=120000Kb used=496Kb max_used=496Kb free=119503Kb
 bounds [0x0000020eaa270000, 0x0000020eaa4e0000, 0x0000020eb17a0000]
CodeHeap 'profiled nmethods': size=120000Kb used=2896Kb max_used=2896Kb free=117103Kb
 bounds [0x0000020ea2d40000, 0x0000020ea3020000, 0x0000020eaa270000]
CodeHeap 'non-nmethods': size=5760Kb used=1127Kb max_used=1139Kb free=4632Kb
 bounds [0x0000020ea27a0000, 0x0000020ea2a10000, 0x0000020ea2d40000]
 total_blobs=2002 nmethods=1543 adapters=371
 compilation: enabled
              stopped_count=0, restarted_count=0
 full_count=0

Compilation events (10 events):
Event: 4.363 Thread 0x0000020eb90d7800 nmethod 1533 0x0000020eaa2eb690 code [0x0000020eaa2eb820, 0x0000020eaa2eb8d8]
Event: 4.363 Thread 0x0000020eb90d7800 1534       1       java.util.AbstractMap$SimpleImmutableEntry::getValue (5 bytes)
Event: 4.363 Thread 0x0000020eb90d7800 nmethod 1534 0x0000020eaa2eb990 code [0x0000020eaa2ebb20, 0x0000020eaa2ebbd8]
Event: 4.363 Thread 0x0000020eb90d7800 1535       3       java.util.regex.Matcher::getTextLength (10 bytes)
Event: 4.363 Thread 0x0000020eb90d7800 nmethod 1535 0x0000020ea300e010 code [0x0000020ea300e1c0, 0x0000020ea300e388]
Event: 4.363 Thread 0x0000020eb90d7800 1536       3       java.util.regex.Pattern$BmpCharPredicate$$Lambda$18/0x00000001000b7c40::is (13 bytes)
Event: 4.363 Thread 0x0000020eb90d7800 nmethod 1536 0x0000020ea300e490 code [0x0000020ea300e660, 0x0000020ea300ea38]
Event: 4.363 Thread 0x0000020eb90d7800 1537       3       java.util.regex.Pattern$BmpCharPredicate::lambda$union$2 (26 bytes)
Event: 4.363 Thread 0x0000020eb90d7800 nmethod 1537 0x0000020ea300eb90 code [0x0000020ea300ed60, 0x0000020ea300f078]
Event: 4.365 Thread 0x0000020eba5e1800 nmethod 1531 0x0000020eaa2ebc90 code [0x0000020eaa2ebe40, 0x0000020eaa2ec068]

GC Heap History (2 events):
Event: 2.206 GC heap before
{Heap before GC invocations=0 (full 0):
 garbage-first heap   total 131072K, used 24576K [0x0000000081000000, 0x0000000100000000)
  region size 1024K, 24 young (24576K), 0 survivors (0K)
 Metaspace       used 15451K, capacity 15746K, committed 15872K, reserved 1062912K
  class space    used 1629K, capacity 1721K, committed 1792K, reserved 1048576K
}
Event: 2.212 GC heap after
{Heap after GC invocations=1 (full 0):
 garbage-first heap   total 131072K, used 4221K [0x0000000081000000, 0x0000000100000000)
  region size 1024K, 3 young (3072K), 3 survivors (3072K)
 Metaspace       used 15451K, capacity 15746K, committed 15872K, reserved 1062912K
  class space    used 1629K, capacity 1721K, committed 1792K, reserved 1048576K
}

Deoptimization events (10 events):
Event: 0.693 Thread 0x0000020e9a31c800 Uncommon trap: reason=bimorphic_or_optimized_type_check action=maybe_recompile pc=0x0000020eaa29fc88 method=java.util.HashMap.getNode(ILjava/lang/Object;)Ljava/util/HashMap$Node; @ 59 c2
Event: 0.693 Thread 0x0000020e9a31c800 Uncommon trap: reason=bimorphic_or_optimized_type_check action=maybe_recompile pc=0x0000020eaa2907a0 method=java.util.HashMap.getNode(ILjava/lang/Object;)Ljava/util/HashMap$Node; @ 126 c2
Event: 1.325 Thread 0x0000020e9a31c800 Uncommon trap: reason=unstable_if action=reinterpret pc=0x0000020eaa2af798 method=java.io.ByteArrayInputStream.read([BII)I @ 35 c2
Event: 1.328 Thread 0x0000020e9a31c800 Uncommon trap: reason=unstable_if action=reinterpret pc=0x0000020eaa29c27c method=java.lang.StringUTF16.compress([CI[BII)I @ 20 c2
Event: 1.410 Thread 0x0000020eba519000 Uncommon trap: reason=unstable_if action=reinterpret pc=0x0000020eaa2a2dc8 method=java.lang.CharacterDataLatin1.digit(II)I @ 12 c2
Event: 1.922 Thread 0x0000020eba519000 Uncommon trap: reason=unstable_if action=reinterpret pc=0x0000020eaa2a2744 method=java.lang.CharacterDataLatin1.digit(II)I @ 12 c2
Event: 4.106 Thread 0x0000020e9a31c800 Uncommon trap: reason=class_check action=maybe_recompile pc=0x0000020eaa2e2b18 method=org.openqa.selenium.json.Input.init()V @ 18 c2
Event: 4.106 Thread 0x0000020e9a31c800 Uncommon trap: reason=class_check action=maybe_recompile pc=0x0000020eaa2e2b18 method=org.openqa.selenium.json.Input.init()V @ 18 c2
Event: 4.106 Thread 0x0000020e9a31c800 Uncommon trap: reason=class_check action=maybe_recompile pc=0x0000020eaa2e2b18 method=org.openqa.selenium.json.Input.init()V @ 18 c2
Event: 4.106 Thread 0x0000020e9a31c800 Uncommon trap: reason=class_check action=maybe_recompile pc=0x0000020eaa2e2b18 method=org.openqa.selenium.json.Input.init()V @ 18 c2

Classes redefined (0 events):
No events

Internal exceptions (10 events):
Event: 1.966 Thread 0x0000020e9a31c800 Exception <a 'java/lang/NoSuchMethodError'{0x00000000879faa60}: java.lang.invoke.DirectMethodHandle$Holder.invokeVirtual(Ljava/lang/Object;Ljava/lang/Object;Ljava/lang/Object;)Ljava/lang/Object;> (0x00000000879faa60) thrown at [./open/src/hotspot/share/in
Event: 2.195 Thread 0x0000020e9a31c800 Exception <a 'java/lang/NoSuchMethodError'{0x00000000878dca78}: java.lang.invoke.DirectMethodHandle$Holder.invokeVirtual(Ljava/lang/Object;Ljava/lang/Object;)I> (0x00000000878dca78) thrown at [./open/src/hotspot/share/interpreter/linkResolver.cpp, line 77
Event: 2.196 Thread 0x0000020e9a31c800 Exception <a 'java/lang/NoSuchMethodError'{0x00000000878e27a0}: java.lang.invoke.DirectMethodHandle$Holder.invokeVirtual(Ljava/lang/Object;Ljava/lang/Object;)D> (0x00000000878e27a0) thrown at [./open/src/hotspot/share/interpreter/linkResolver.cpp, line 77
Event: 2.198 Thread 0x0000020e9a31c800 Exception <a 'java/lang/NoSuchMethodError'{0x00000000878e8640}: java.lang.invoke.DirectMethodHandle$Holder.invokeVirtual(Ljava/lang/Object;Ljava/lang/Object;)F> (0x00000000878e8640) thrown at [./open/src/hotspot/share/interpreter/linkResolver.cpp, line 77
Event: 2.202 Thread 0x0000020e9a31c800 Exception <a 'java/lang/NoSuchMethodError'{0x00000000878f0b78}: java.lang.invoke.DirectMethodHandle$Holder.invokeVirtual(Ljava/lang/Object;Ljava/lang/Object;)J> (0x00000000878f0b78) thrown at [./open/src/hotspot/share/interpreter/linkResolver.cpp, line 77
Event: 2.299 Thread 0x0000020e9a31c800 Exception <a 'java/lang/NoSuchMethodError'{0x0000000088b09568}: java.lang.invoke.DirectMethodHandle$Holder.invokeStatic(Ljava/lang/Object;Ljava/lang/Object;Ljava/lang/Object;Ljava/lang/Object;Ljava/lang/Object;)V> (0x0000000088b09568) thrown at [./open/sr
Event: 2.366 Thread 0x0000020e9a31c800 Exception <a 'java/lang/NoSuchMethodError'{0x00000000888dfae8}: java.lang.invoke.DirectMethodHandle$Holder.invokeStatic(Ljava/lang/Object;Ljava/lang/Object;Ljava/lang/Object;Ljava/lang/Object;)V> (0x00000000888dfae8) thrown at [./open/src/hotspot/share/in
Event: 4.114 Thread 0x0000020e9a31c800 Exception <a 'java/lang/NoSuchMethodError'{0x00000000886e0418}: java.lang.invoke.DirectMethodHandle$Holder.invokeSpecialIFC(Ljava/lang/Object;Ljava/lang/Object;Ljava/lang/Object;)Ljava/lang/Object;> (0x00000000886e0418) thrown at [./open/src/hotspot/share
Event: 4.343 Thread 0x0000020e9a31c800 Exception <a 'java/lang/ClassNotFoundException'{0x00000000885d3eb8}: sun/util/logging/resources/spi/loggingProvider> (0x00000000885d3eb8) thrown at [./open/src/hotspot/share/classfile/systemDictionary.cpp, line 228]
Event: 4.365 Thread 0x0000020e9a31c800 Exception <a 'java/net/SocketTimeoutException'{0x00000000884a6900}: Read timed out> (0x00000000884a6900) thrown at [./open/src/hotspot/share/prims/jni.cpp, line 632]

Events (10 events):
Event: 4.361 loading class org/openqa/selenium/WebDriver$Window
Event: 4.361 loading class org/openqa/selenium/WebDriver$Window done
Event: 4.361 loading class org/openqa/selenium/WebDriver$ImeHandler
Event: 4.361 loading class org/openqa/selenium/WebDriver$ImeHandler done
Event: 4.362 loading class org/openqa/selenium/WebDriver$Timeouts
Event: 4.362 loading class org/openqa/selenium/WebDriver$Timeouts done
Event: 4.362 loading class org/openqa/selenium/remote/RemoteWebDriver$RemoteWebDriverOptions$RemoteWindow
Event: 4.362 loading class org/openqa/selenium/remote/RemoteWebDriver$RemoteWebDriverOptions$RemoteWindow done
Event: 4.365 loading class sun/net/ConnectionResetException
Event: 4.365 loading class sun/net/ConnectionResetException done


Dynamic libraries:
0x00007ff602300000 - 0x00007ff60230f000 	C:\Program Files\Java\jdk-11.0.10\bin\javaw.exe
0x00007ffe030c0000 - 0x00007ffe032b0000 	C:\WINDOWS\SYSTEM32\ntdll.dll
0x00007ffe02070000 - 0x00007ffe02122000 	C:\WINDOWS\System32\KERNEL32.DLL
0x00007ffe00090000 - 0x00007ffe00335000 	C:\WINDOWS\System32\KERNELBASE.dll
0x00007ffe00340000 - 0x00007ffe0043a000 	C:\WINDOWS\System32\ucrtbase.dll
0x00007ffdf8ba0000 - 0x00007ffdf8bb5000 	C:\Program Files\Java\jdk-11.0.10\bin\VCRUNTIME140.dll
0x00007ffdf6de0000 - 0x00007ffdf6df8000 	C:\Program Files\Java\jdk-11.0.10\bin\jli.dll
0x00007ffe02af0000 - 0x00007ffe02b93000 	C:\WINDOWS\System32\ADVAPI32.dll
0x00007ffe01bb0000 - 0x00007ffe01c4e000 	C:\WINDOWS\System32\msvcrt.dll
0x00007ffe02130000 - 0x00007ffe021c7000 	C:\WINDOWS\System32\sechost.dll
0x00007ffe01a90000 - 0x00007ffe01baf000 	C:\WINDOWS\System32\RPCRT4.dll
0x00007ffe02e80000 - 0x00007ffe03014000 	C:\WINDOWS\System32\USER32.dll
0x00007ffe00060000 - 0x00007ffe00081000 	C:\WINDOWS\System32\win32u.dll
0x00007ffde58f0000 - 0x00007ffde5b74000 	C:\WINDOWS\WinSxS\amd64_microsoft.windows.common-controls_6595b64144ccf1df_6.0.18362.1440_none_9e7dbfb9e45e8e67\COMCTL32.dll
0x00007ffe019f0000 - 0x00007ffe01a16000 	C:\WINDOWS\System32\GDI32.dll
0x00007ffe00fd0000 - 0x00007ffe01168000 	C:\WINDOWS\System32\gdi32full.dll
0x00007ffe016b0000 - 0x00007ffe019e6000 	C:\WINDOWS\System32\combase.dll
0x00007ffe004a0000 - 0x00007ffe0053e000 	C:\WINDOWS\System32\msvcp_win.dll
0x00007ffe00f40000 - 0x00007ffe00fc1000 	C:\WINDOWS\System32\bcryptPrimitives.dll
0x00007ffdf6fb0000 - 0x00007ffdf6fba000 	C:\WINDOWS\SYSTEM32\VERSION.dll
0x00007ffe01f90000 - 0x00007ffe01fbe000 	C:\WINDOWS\System32\IMM32.DLL
0x00007ffde1dc0000 - 0x00007ffde1e5b000 	C:\Program Files\Java\jdk-11.0.10\bin\msvcp140.dll
0x00007ffdc4100000 - 0x00007ffdc4bfb000 	C:\Program Files\Java\jdk-11.0.10\bin\server\jvm.dll
0x00007ffe02e00000 - 0x00007ffe02e08000 	C:\WINDOWS\System32\PSAPI.DLL
0x00007ffded610000 - 0x00007ffded619000 	C:\WINDOWS\SYSTEM32\WSOCK32.dll
0x00007ffdfd5d0000 - 0x00007ffdfd5f4000 	C:\WINDOWS\SYSTEM32\WINMM.dll
0x00007ffe02e10000 - 0x00007ffe02e7f000 	C:\WINDOWS\System32\WS2_32.dll
0x00007ffdfd5a0000 - 0x00007ffdfd5cd000 	C:\WINDOWS\SYSTEM32\winmmbase.dll
0x00007ffe00540000 - 0x00007ffe0058a000 	C:\WINDOWS\System32\cfgmgr32.dll
0x00007ffdfffa0000 - 0x00007ffdfffb1000 	C:\WINDOWS\System32\kernel.appcore.dll
0x00007ffdfae50000 - 0x00007ffdfae60000 	C:\Program Files\Java\jdk-11.0.10\bin\verify.dll
0x00007ffdfe7f0000 - 0x00007ffdfe9e4000 	C:\WINDOWS\SYSTEM32\DBGHELP.DLL
0x00007ffdf5440000 - 0x00007ffdf546a000 	C:\WINDOWS\SYSTEM32\dbgcore.DLL
0x00007ffdf6ae0000 - 0x00007ffdf6b08000 	C:\Program Files\Java\jdk-11.0.10\bin\java.dll
0x00007ffdf8a80000 - 0x00007ffdf8a8a000 	C:\Program Files\Java\jdk-11.0.10\bin\jimage.dll
0x00007ffdf2510000 - 0x00007ffdf2526000 	C:\Program Files\Java\jdk-11.0.10\bin\zip.dll
0x00007ffe02380000 - 0x00007ffe02a68000 	C:\WINDOWS\System32\SHELL32.dll
0x00007ffe01fc0000 - 0x00007ffe02067000 	C:\WINDOWS\System32\shcore.dll
0x00007ffe005b0000 - 0x00007ffe00d2b000 	C:\WINDOWS\System32\windows.storage.dll
0x00007ffdfffc0000 - 0x00007ffdfffde000 	C:\WINDOWS\System32\profapi.dll
0x00007ffdfffe0000 - 0x00007ffe0002a000 	C:\WINDOWS\System32\powrprof.dll
0x00007ffdfff70000 - 0x00007ffdfff80000 	C:\WINDOWS\System32\UMPDC.dll
0x00007ffe01cd0000 - 0x00007ffe01d22000 	C:\WINDOWS\System32\shlwapi.dll
0x00007ffe00590000 - 0x00007ffe005a7000 	C:\WINDOWS\System32\cryptsp.dll
0x00007ffdf24f0000 - 0x00007ffdf2509000 	C:\Program Files\Java\jdk-11.0.10\bin\net.dll
0x00007ffdf8980000 - 0x00007ffdf8a7a000 	C:\WINDOWS\SYSTEM32\WINHTTP.dll
0x00007ffdff750000 - 0x00007ffdff7b7000 	C:\WINDOWS\system32\mswsock.dll
0x00007ffdf24d0000 - 0x00007ffdf24e2000 	C:\Program Files\Java\jdk-11.0.10\bin\nio.dll
0x00007ffdff4a0000 - 0x00007ffdff56b000 	C:\WINDOWS\SYSTEM32\DNSAPI.dll
0x00007ffe02ba0000 - 0x00007ffe02ba8000 	C:\WINDOWS\System32\NSI.dll
0x00007ffdff460000 - 0x00007ffdff49a000 	C:\WINDOWS\SYSTEM32\IPHLPAPI.DLL
0x00007ffdf7090000 - 0x00007ffdf709a000 	C:\Windows\System32\rasadhlp.dll
0x00007ffdf7d70000 - 0x00007ffdf7de7000 	C:\WINDOWS\System32\fwpuclnt.dll
0x00007ffe00030000 - 0x00007ffe00056000 	C:\WINDOWS\System32\bcrypt.dll
0x00007ffdf6b30000 - 0x00007ffdf6b55000 	C:\Program Files\Java\jdk-11.0.10\bin\sunec.dll
0x00007ffdfdd20000 - 0x00007ffdfdd2d000 	C:\Program Files\Java\jdk-11.0.10\bin\sunmscapi.dll
0x00007ffe00de0000 - 0x00007ffe00f31000 	C:\WINDOWS\System32\CRYPT32.dll
0x00007ffdfff80000 - 0x00007ffdfff92000 	C:\WINDOWS\System32\MSASN1.dll
0x00007ffdffa20000 - 0x00007ffdffa46000 	C:\WINDOWS\SYSTEM32\ncrypt.dll
0x00007ffdff9e0000 - 0x00007ffdffa1b000 	C:\WINDOWS\SYSTEM32\NTASN1.dll
0x00007ffdff2d0000 - 0x00007ffdff303000 	C:\WINDOWS\system32\rsaenh.dll
0x00007ffdffe50000 - 0x00007ffdffe75000 	C:\WINDOWS\SYSTEM32\USERENV.dll
0x00007ffdff920000 - 0x00007ffdff92c000 	C:\WINDOWS\SYSTEM32\CRYPTBASE.dll
0x00007ffdfa140000 - 0x00007ffdfa156000 	C:\WINDOWS\SYSTEM32\dhcpcsvc6.DLL
0x00007ffdf9710000 - 0x00007ffdf972c000 	C:\WINDOWS\SYSTEM32\dhcpcsvc.DLL

dbghelp: loaded successfully - version: 4.0.5 - missing functions: none
symbol engine: initialized successfully - sym options: 0x614 - pdb path: .;C:\Program Files\Java\jdk-11.0.10\bin;C:\WINDOWS\SYSTEM32;C:\WINDOWS\WinSxS\amd64_microsoft.windows.common-controls_6595b64144ccf1df_6.0.18362.1440_none_9e7dbfb9e45e8e67;C:\Program Files\Java\jdk-11.0.10\bin\server

VM Arguments:
jvm_args: -ea -Dfile.encoding=Cp1252 
java_command: org.eclipse.jdt.internal.junit.runner.RemoteTestRunner -version 3 -port 58895 -testLoaderClass org.eclipse.jdt.internal.junit4.runner.JUnit4TestLoader -loaderpluginname org.eclipse.jdt.junit4.runtime -classNames com.qualitystream.tutorial.MercuryTours_AutomatedTest
java_class_path (initial): C:\Users\maria_000\eclipse-workspace\QualityStreamTutorial\target\test-classes;C:\Users\maria_000\eclipse-workspace\QualityStreamTutorial\target\classes;C:\Users\maria_000\.m2\repository\org\seleniumhq\selenium\selenium-java\3.141.59\selenium-java-3.141.59.jar;C:\Users\maria_000\.m2\repository\org\seleniumhq\selenium\selenium-api\3.141.59\selenium-api-3.141.59.jar;C:\Users\maria_000\.m2\repository\org\seleniumhq\selenium\selenium-chrome-driver\3.141.59\selenium-chrome-driver-3.141.59.jar;C:\Users\maria_000\.m2\repository\org\seleniumhq\selenium\selenium-edge-driver\3.141.59\selenium-edge-driver-3.141.59.jar;C:\Users\maria_000\.m2\repository\org\seleniumhq\selenium\selenium-firefox-driver\3.141.59\selenium-firefox-driver-3.141.59.jar;C:\Users\maria_000\.m2\repository\org\seleniumhq\selenium\selenium-ie-driver\3.141.59\selenium-ie-driver-3.141.59.jar;C:\Users\maria_000\.m2\repository\org\seleniumhq\selenium\selenium-opera-driver\3.141.59\selenium-opera-driver-3.141.59.jar;C:\Users\maria_000\.m2\repository\org\seleniumhq\selenium\selenium-remote-driver\3.141.59\selenium-remote-driver-3.141.59.jar;C:\Users\maria_000\.m2\repository\org\seleniumhq\selenium\selenium-safari-driver\3.141.59\selenium-safari-driver-3.141.59.jar;C:\Users\maria_000\.m2\repository\org\seleniumhq\selenium\selenium-support\3.141.59\selenium-support-3.141.59.jar;C:\Users\maria_000\.m2\repository\net\bytebuddy\byte-buddy\1.8.15\byte-buddy-1.8.15.jar;C:\Users\maria_000\.m2\repository\org\apache\commons\commons-exec\1.3\commons-exec-1.3.jar;C:\Users\maria_000\.m2\repository\com\google\guava\guava\25.0-jre\guava-25.0-jre.jar;C:\Users\maria_000\.m2\repository\com\google\code\findbugs\jsr305\1.3.9\jsr305-1.3.9.jar;C:\Users\maria_000\.m2\repository\org\checkerframework\checker-compat-qual\2.0.0\checker-compat-qual-2.0.0.jar;C:\Users\maria_000\.m2\repository\com\google\errorprone\error_prone_annotations\2.1.3\error_prone_annotations-2.1.3.jar;C:\Users\maria_000\.m2\repository\co
Launcher Type: SUN_STANDARD

[Global flags]
     intx CICompilerCount                          = 4                                         {product} {ergonomic}
     uint ConcGCThreads                            = 2                                         {product} {ergonomic}
     uint G1ConcRefinementThreads                  = 8                                         {product} {ergonomic}
   size_t G1HeapRegionSize                         = 1048576                                   {product} {ergonomic}
    uintx GCDrainStackTargetSize                   = 64                                        {product} {ergonomic}
   size_t InitialHeapSize                          = 134217728                                 {product} {ergonomic}
   size_t MarkStackSize                            = 4194304                                   {product} {ergonomic}
   size_t MaxHeapSize                              = 2130706432                                {product} {ergonomic}
   size_t MaxNewSize                               = 1278214144                                {product} {ergonomic}
   size_t MinHeapDeltaBytes                        = 1048576                                   {product} {ergonomic}
    uintx NonNMethodCodeHeapSize                   = 5836300                                {pd product} {ergonomic}
    uintx NonProfiledCodeHeapSize                  = 122910970                              {pd product} {ergonomic}
    uintx ProfiledCodeHeapSize                     = 122910970                              {pd product} {ergonomic}
    uintx ReservedCodeCacheSize                    = 251658240                              {pd product} {ergonomic}
     bool SegmentedCodeCache                       = true                                      {product} {ergonomic}
     bool UseCompressedClassPointers               = true                                 {lp64_product} {ergonomic}
     bool UseCompressedOops                        = true                                 {lp64_product} {ergonomic}
     bool UseG1GC                                  = true                                      {product} {ergonomic}
     bool UseLargePagesIndividualAllocation        = false                                  {pd product} {ergonomic}

Logging:
Log output configuration:
 #0: stdout all=warning uptime,level,tags
 #1: stderr all=off uptime,level,tags

Environment Variables:
PATH=C:/Program Files/Java/jdk-11.0.10/bin/server;C:/Program Files/Java/jdk-11.0.10/bin;C:/Users/MARIA_~1/AppData/Local/Temp/eoiA41F.tmp//plugins/org.eclipse.justj.openjdk.hotspot.jre.minimal.stripped.win32.x86_64_15.0.2.v20210201-0955/jre/bin/server;C:/Users/MARIA_~1/AppData/Local/Temp/eoiA41F.tmp//plugins/org.eclipse.justj.openjdk.hotspot.jre.minimal.stripped.win32.x86_64_15.0.2.v20210201-0955/jre/bin;C:\Users\maria_000\AppData\Local\Google\Chrome\Application;C:\Program Files (x86)\VMware\VMware Player\bin\;C:\app\maria_000\product\12.1.0\dbhome_1\bin;C:\Users\maria_000\Desktop\BD\bin;C:\Program Files\Rockwell Software\RSCommon;C:\Program Files (x86)\Common Files\Oracle\Java\javapath;C:\ProgramData\Oracle\Java\javapath;C:\WINDOWS\system32;C:\WINDOWS;C:\WINDOWS\System32\Wbem;C:\WINDOWS\System32\WindowsPowerShell\v1.0\;C:\Program Files\Hewlett-Packard\SimplePass\;C:\WINDOWS\System32\OpenSSH\;C:\Program Files (x86)\Microsoft SQL Server\100\Tools\Binn\;C:\Program Files (x86)\Microsoft SQL Server\100\DTS\Binn\;C:\Users\maria_000\AppData\Local\Microsoft\WindowsApps;C:\node;;C:\Users\maria_000\Downloads;;C:\Users\maria_000\Downloads;
USERNAME=maria_000
OS=Windows_NT
PROCESSOR_IDENTIFIER=Intel64 Family 6 Model 60 Stepping 3, GenuineIntel



---------------  S Y S T E M  ---------------

OS: Windows 10 , 64 bit Build 18362 (10.0.18362.1350)

CPU:total 8 (initial active 8) (4 cores per cpu, 2 threads per core) family 6 model 60 stepping 3 microcode 0x25, cmov, cx8, fxsr, mmx, sse, sse2, sse3, ssse3, sse4.1, sse4.2, popcnt, avx, avx2, aes, clmul, erms, lzcnt, ht, tsc, tscinvbit, bmi1, bmi2, fma

Memory: 4k page, system-wide physical 8124M (1064M free)
TotalPageFile size 10035M (AvailPageFile size 16M)
current process WorkingSet (physical memory assigned to process): 88M, peak: 88M
current process commit charge ("private bytes"): 230M, peak: 230M

vm_info: Java HotSpot(TM) 64-Bit Server VM (11.0.10+8-LTS-162) for windows-amd64 JRE (11.0.10+8-LTS-162), built on Dec  8 2020 16:32:57 by "mach5one" with MS VC++ 15.9 (VS2017)

END.
